FILE_TYPE=LIBRARY_PARTS;
PRIMITIVE 'B3B_ZR_LF__SN_','B3B_ZR_LF__SN__Header, Shrouded - Straight PTH Box';
  PIN
    '1':
      PIN_NUMBER='(1)';
      NO_LOAD_CHECK=BOTH;
      NO_IO_CHECK=BOTH;
      ALLOW_CONNECT=TRUE;
      PINUSE='UNSPEC';
    '2':
      PIN_NUMBER='(2)';
      NO_LOAD_CHECK=BOTH;
      NO_IO_CHECK=BOTH;
      ALLOW_CONNECT=TRUE;
      PINUSE='UNSPEC';
    '3':
      PIN_NUMBER='(3)';
      NO_LOAD_CHECK=BOTH;
      NO_IO_CHECK=BOTH;
      ALLOW_CONNECT=TRUE;
      PINUSE='UNSPEC';
  END_PIN;
  BODY
    PART_NAME='B3B_ZR_LF__SN_';
    PHYS_DES_PREFIX='J';
    NO_LOAD_CHECK='TRUE';
    PIN_COUNT='3';
    BODY_NAME='B3B_ZR_LF__SN_';
    JEDEC_TYPE='SHDR3W50P0X150_1X3_600X350X450P';
  END_BODY;
END_PRIMITIVE;
END.
