FILE_TYPE=LIBRARY_PARTS;
PRIMITIVE 'SSL_LX5093TC','SSL_LX5093TC_Other';
  PIN
    'K':
      PIN_NUMBER='(1)';
      NO_LOAD_CHECK=BOTH;
      NO_IO_CHECK=BOTH;
      ALLOW_CONNECT=TRUE;
      PINUSE='UNSPEC';
    'A':
      PIN_NUMBER='(2)';
      NO_LOAD_CHECK=BOTH;
      NO_IO_CHECK=BOTH;
      ALLOW_CONNECT=TRUE;
      PINUSE='UNSPEC';
  END_PIN;
  BODY
    PART_NAME='SSL_LX5093TC';
    PHYS_DES_PREFIX='LED';
    NO_LOAD_CHECK='TRUE';
    PIN_COUNT='2';
    BODY_NAME='SSL_LX5093TC';
    JEDEC_TYPE='SSL-LX5093SGC/B';
  END_BODY;
END_PRIMITIVE;
END.
